[debug] [2023-05-12T18:12:55.179Z] ----------------------------------------------------------------------
[debug] [2023-05-12T18:12:55.181Z] Command:       C:\Program Files\nodejs\node.exe C:\Users\deste\AppData\Roaming\npm\node_modules\firebase-tools\lib\bin\firebase.js serve
[debug] [2023-05-12T18:12:55.182Z] CLI Version:   12.0.0
[debug] [2023-05-12T18:12:55.182Z] Platform:      win32
[debug] [2023-05-12T18:12:55.182Z] Node Version:  v18.16.0
[debug] [2023-05-12T18:12:55.183Z] Time:          Fri May 12 2023 11:12:55 GMT-0700 (Pacific Daylight Time)
[debug] [2023-05-12T18:12:55.184Z] ----------------------------------------------------------------------
[debug] 
[debug] [2023-05-12T18:12:55.325Z] > command requires scopes: ["email","openid","https://www.googleapis.com/auth/cloudplatformprojects.readonly","https://www.googleapis.com/auth/firebase","https://www.googleapis.com/auth/cloud-platform"]
[debug] [2023-05-12T18:12:55.326Z] > authorizing via signed-in user (destevanbedoy@gmail.com)
[debug] [2023-05-12T18:12:55.326Z] [iam] checking project whats-the-move-project-bb0b0 for permissions ["firebase.projects.get"]
[debug] [2023-05-12T18:12:55.328Z] >>> [apiv2][query] POST https://cloudresourcemanager.googleapis.com/v1/projects/whats-the-move-project-bb0b0:testIamPermissions [none]
[debug] [2023-05-12T18:12:55.329Z] >>> [apiv2][(partial)header] POST https://cloudresourcemanager.googleapis.com/v1/projects/whats-the-move-project-bb0b0:testIamPermissions x-goog-quota-user=projects/whats-the-move-project-bb0b0
[debug] [2023-05-12T18:12:55.329Z] >>> [apiv2][body] POST https://cloudresourcemanager.googleapis.com/v1/projects/whats-the-move-project-bb0b0:testIamPermissions {"permissions":["firebase.projects.get"]}
[debug] [2023-05-12T18:12:55.600Z] <<< [apiv2][status] POST https://cloudresourcemanager.googleapis.com/v1/projects/whats-the-move-project-bb0b0:testIamPermissions 200
[debug] [2023-05-12T18:12:55.600Z] <<< [apiv2][body] POST https://cloudresourcemanager.googleapis.com/v1/projects/whats-the-move-project-bb0b0:testIamPermissions {"permissions":["firebase.projects.get"]}
[debug] [2023-05-12T18:12:55.602Z] >>> [apiv2][query] GET https://firebase.googleapis.com/v1beta1/projects/whats-the-move-project-bb0b0 [none]
[debug] [2023-05-12T18:12:56.028Z] <<< [apiv2][status] GET https://firebase.googleapis.com/v1beta1/projects/whats-the-move-project-bb0b0 200
[debug] [2023-05-12T18:12:56.029Z] <<< [apiv2][body] GET https://firebase.googleapis.com/v1beta1/projects/whats-the-move-project-bb0b0 {"projectId":"whats-the-move-project-bb0b0","projectNumber":"660621588489","displayName":"Whats-the-move-project","name":"projects/whats-the-move-project-bb0b0","resources":{"hostingSite":"whats-the-move-project-bb0b0"},"state":"ACTIVE","etag":"1_d386172c-9c1f-4c30-b7e2-1d863d51c860"}
[info] 
[info] === Serving from 'C:\Users\deste\whats-the-move-class-project'...
[info] 
[debug] [2023-05-12T18:12:56.035Z] defaultcredentials: writing to file C:\Users\deste\AppData\Roaming\firebase\destevanbedoy_gmail_com_application_default_credentials.json
[debug] [2023-05-12T18:12:56.037Z] Setting GAC to C:\Users\deste\AppData\Roaming\firebase\destevanbedoy_gmail_com_application_default_credentials.json {"metadata":{"emulator":{"name":"functions"},"message":"Setting GAC to C:\\Users\\deste\\AppData\\Roaming\\firebase\\destevanbedoy_gmail_com_application_default_credentials.json"}}
[debug] [2023-05-12T18:12:56.038Z] >>> [apiv2][query] GET https://firebase.googleapis.com/v1beta1/projects/whats-the-move-project-bb0b0/adminSdkConfig [none]
[debug] [2023-05-12T18:12:56.307Z] <<< [apiv2][status] GET https://firebase.googleapis.com/v1beta1/projects/whats-the-move-project-bb0b0/adminSdkConfig 200
[debug] [2023-05-12T18:12:56.307Z] <<< [apiv2][body] GET https://firebase.googleapis.com/v1beta1/projects/whats-the-move-project-bb0b0/adminSdkConfig {"projectId":"whats-the-move-project-bb0b0","storageBucket":"whats-the-move-project-bb0b0.appspot.com"}
[info] i  functions: Watching "C:\Users\deste\whats-the-move-class-project\functions" for Cloud Functions... {"metadata":{"emulator":{"name":"functions"},"message":"Watching \"C:\\Users\\deste\\whats-the-move-class-project\\functions\" for Cloud Functions..."}}
[debug] [2023-05-12T18:12:56.325Z] Validating nodejs source
[debug] [2023-05-12T18:12:57.696Z] > [functions] package.json contents: {
  "name": "functions",
  "description": "Cloud Functions for Firebase",
  "scripts": {
    "serve": "firebase emulators:start --only functions",
    "shell": "firebase functions:shell",
    "start": "npm run shell",
    "deploy": "firebase deploy --only functions",
    "logs": "firebase functions:log"
  },
  "engines": {
    "node": "18"
  },
  "main": "index.js",
  "dependencies": {
    "@google-cloud/firestore": "^6.5.0",
    "cors": "^2.8.5",
    "express": "^4.18.2",
    "firebase-admin": "^9.9.0",
    "firebase-functions": "^4.4.0"
  },
  "private": true
}
[debug] [2023-05-12T18:12:57.697Z] Building nodejs source
[debug] [2023-05-12T18:12:57.697Z] Failed to find version of module node: reached end of search path C:\Users\deste\whats-the-move-class-project\functions\node_modules
[info] +  functions: Using node@18 from host. 
[debug] [2023-05-12T18:12:57.699Z] Could not find functions.yaml. Must use http discovery
[debug] [2023-05-12T18:12:57.705Z] Found firebase-functions binary at 'C:\Users\deste\whats-the-move-class-project\functions\node_modules\.bin\firebase-functions'
